<?xml version="1.0" encoding="UTF-8"?>
<testsuite xmlns:xsi="http://www.w3.org/2001/XMLSchema-instance" xsi:noNamespaceSchemaLocation="https://maven.apache.org/surefire/maven-surefire-plugin/xsd/surefire-test-report.xsd" name="com.example.springbootmvc.db.UserDbTest" time="11.471" tests="1" errors="1" skipped="0" failures="0">
  <properties>
    <property name="sun.desktop" value="windows"/>
    <property name="awt.toolkit" value="sun.awt.windows.WToolkit"/>
    <property name="file.encoding.pkg" value="sun.io"/>
    <property name="java.specification.version" value="1.8"/>
    <property name="sun.cpu.isalist" value="amd64"/>
    <property name="sun.jnu.encoding" value="GBK"/>
    <property name="java.class.path" value="D:\StudySpace\SpringBoot\spring-boot-db\target\test-classes;D:\StudySpace\SpringBoot\spring-boot-db\target\classes;C:\Users\Administrator\.m2\repository\org\springframework\boot\spring-boot-starter\2.0.4.RELEASE\spring-boot-starter-2.0.4.RELEASE.jar;C:\Users\Administrator\.m2\repository\org\springframework\boot\spring-boot\2.0.4.RELEASE\spring-boot-2.0.4.RELEASE.jar;C:\Users\Administrator\.m2\repository\org\springframework\spring-context\5.0.8.RELEASE\spring-context-5.0.8.RELEASE.jar;C:\Users\Administrator\.m2\repository\org\springframework\boot\spring-boot-autoconfigure\2.0.4.RELEASE\spring-boot-autoconfigure-2.0.4.RELEASE.jar;C:\Users\Administrator\.m2\repository\org\springframework\boot\spring-boot-starter-logging\2.0.4.RELEASE\spring-boot-starter-logging-2.0.4.RELEASE.jar;C:\Users\Administrator\.m2\repository\ch\qos\logback\logback-classic\1.2.3\logback-classic-1.2.3.jar;C:\Users\Administrator\.m2\repository\ch\qos\logback\logback-core\1.2.3\logback-core-1.2.3.jar;C:\Users\Administrator\.m2\repository\org\apache\logging\log4j\log4j-to-slf4j\2.10.0\log4j-to-slf4j-2.10.0.jar;C:\Users\Administrator\.m2\repository\org\apache\logging\log4j\log4j-api\2.10.0\log4j-api-2.10.0.jar;C:\Users\Administrator\.m2\repository\org\slf4j\jul-to-slf4j\1.7.25\jul-to-slf4j-1.7.25.jar;C:\Users\Administrator\.m2\repository\javax\annotation\javax.annotation-api\1.3.2\javax.annotation-api-1.3.2.jar;C:\Users\Administrator\.m2\repository\org\springframework\spring-core\5.0.8.RELEASE\spring-core-5.0.8.RELEASE.jar;C:\Users\Administrator\.m2\repository\org\springframework\spring-jcl\5.0.8.RELEASE\spring-jcl-5.0.8.RELEASE.jar;C:\Users\Administrator\.m2\repository\org\yaml\snakeyaml\1.19\snakeyaml-1.19.jar;C:\Users\Administrator\.m2\repository\org\springframework\boot\spring-boot-starter-web\2.0.4.RELEASE\spring-boot-starter-web-2.0.4.RELEASE.jar;C:\Users\Administrator\.m2\repository\org\springframework\boot\spring-boot-starter-json\2.0.4.RELEASE\spring-boot-starter-json-2.0.4.RELEASE.jar;C:\Users\Administrator\.m2\repository\com\fasterxml\jackson\core\jackson-databind\2.9.6\jackson-databind-2.9.6.jar;C:\Users\Administrator\.m2\repository\com\fasterxml\jackson\core\jackson-annotations\2.9.0\jackson-annotations-2.9.0.jar;C:\Users\Administrator\.m2\repository\com\fasterxml\jackson\core\jackson-core\2.9.6\jackson-core-2.9.6.jar;C:\Users\Administrator\.m2\repository\com\fasterxml\jackson\datatype\jackson-datatype-jdk8\2.9.6\jackson-datatype-jdk8-2.9.6.jar;C:\Users\Administrator\.m2\repository\com\fasterxml\jackson\datatype\jackson-datatype-jsr310\2.9.6\jackson-datatype-jsr310-2.9.6.jar;C:\Users\Administrator\.m2\repository\com\fasterxml\jackson\module\jackson-module-parameter-names\2.9.6\jackson-module-parameter-names-2.9.6.jar;C:\Users\Administrator\.m2\repository\org\springframework\boot\spring-boot-starter-tomcat\2.0.4.RELEASE\spring-boot-starter-tomcat-2.0.4.RELEASE.jar;C:\Users\Administrator\.m2\repository\org\apache\tomcat\embed\tomcat-embed-core\8.5.32\tomcat-embed-core-8.5.32.jar;C:\Users\Administrator\.m2\repository\org\apache\tomcat\embed\tomcat-embed-el\8.5.32\tomcat-embed-el-8.5.32.jar;C:\Users\Administrator\.m2\repository\org\apache\tomcat\embed\tomcat-embed-websocket\8.5.32\tomcat-embed-websocket-8.5.32.jar;C:\Users\Administrator\.m2\repository\org\hibernate\validator\hibernate-validator\6.0.11.Final\hibernate-validator-6.0.11.Final.jar;C:\Users\Administrator\.m2\repository\javax\validation\validation-api\2.0.1.Final\validation-api-2.0.1.Final.jar;C:\Users\Administrator\.m2\repository\org\jboss\logging\jboss-logging\3.3.2.Final\jboss-logging-3.3.2.Final.jar;C:\Users\Administrator\.m2\repository\com\fasterxml\classmate\1.3.4\classmate-1.3.4.jar;C:\Users\Administrator\.m2\repository\org\springframework\spring-web\5.0.8.RELEASE\spring-web-5.0.8.RELEASE.jar;C:\Users\Administrator\.m2\repository\org\springframework\spring-beans\5.0.8.RELEASE\spring-beans-5.0.8.RELEASE.jar;C:\Users\Administrator\.m2\repository\org\springframework\spring-webmvc\5.0.8.RELEASE\spring-webmvc-5.0.8.RELEASE.jar;C:\Users\Administrator\.m2\repository\org\springframework\spring-aop\5.0.8.RELEASE\spring-aop-5.0.8.RELEASE.jar;C:\Users\Administrator\.m2\repository\org\springframework\spring-expression\5.0.8.RELEASE\spring-expression-5.0.8.RELEASE.jar;C:\Users\Administrator\.m2\repository\org\springframework\boot\spring-boot-devtools\2.0.4.RELEASE\spring-boot-devtools-2.0.4.RELEASE.jar;C:\Users\Administrator\.m2\repository\com\ibeetl\beetl-framework-starter\1.1.23.RELEASE\beetl-framework-starter-1.1.23.RELEASE.jar;C:\Users\Administrator\.m2\repository\com\ibeetl\beetlsql\2.9.15\beetlsql-2.9.15.jar;C:\Users\Administrator\.m2\repository\com\ibeetl\beetl\2.7.24\beetl-2.7.24.jar;C:\Users\Administrator\.m2\repository\org\antlr\antlr4-runtime\4.2\antlr4-runtime-4.2.jar;C:\Users\Administrator\.m2\repository\org\abego\treelayout\org.abego.treelayout.core\1.0.1\org.abego.treelayout.core-1.0.1.jar;C:\Users\Administrator\.m2\repository\org\antlr\antlr4-annotations\4.2\antlr4-annotations-4.2.jar;C:\Users\Administrator\.m2\repository\org\springframework\boot\spring-boot-starter-jdbc\2.0.4.RELEASE\spring-boot-starter-jdbc-2.0.4.RELEASE.jar;C:\Users\Administrator\.m2\repository\org\springframework\spring-jdbc\5.0.8.RELEASE\spring-jdbc-5.0.8.RELEASE.jar;C:\Users\Administrator\.m2\repository\org\springframework\spring-tx\5.0.8.RELEASE\spring-tx-5.0.8.RELEASE.jar;C:\Users\Administrator\.m2\repository\com\zaxxer\HikariCP\2.7.9\HikariCP-2.7.9.jar;C:\Users\Administrator\.m2\repository\org\slf4j\slf4j-api\1.7.25\slf4j-api-1.7.25.jar;C:\Users\Administrator\.m2\repository\mysql\mysql-connector-java\5.1.46\mysql-connector-java-5.1.46.jar;C:\Users\Administrator\.m2\repository\org\springframework\boot\spring-boot-starter-data-jpa\2.0.4.RELEASE\spring-boot-starter-data-jpa-2.0.4.RELEASE.jar;C:\Users\Administrator\.m2\repository\org\springframework\boot\spring-boot-starter-aop\2.0.4.RELEASE\spring-boot-starter-aop-2.0.4.RELEASE.jar;C:\Users\Administrator\.m2\repository\org\aspectj\aspectjweaver\1.8.13\aspectjweaver-1.8.13.jar;C:\Users\Administrator\.m2\repository\org\hibernate\hibernate-core\5.2.17.Final\hibernate-core-5.2.17.Final.jar;C:\Users\Administrator\.m2\repository\org\hibernate\javax\persistence\hibernate-jpa-2.1-api\1.0.2.Final\hibernate-jpa-2.1-api-1.0.2.Final.jar;C:\Users\Administrator\.m2\repository\org\javassist\javassist\3.22.0-GA\javassist-3.22.0-GA.jar;C:\Users\Administrator\.m2\repository\antlr\antlr\2.7.7\antlr-2.7.7.jar;C:\Users\Administrator\.m2\repository\org\jboss\jandex\2.0.3.Final\jandex-2.0.3.Final.jar;C:\Users\Administrator\.m2\repository\dom4j\dom4j\1.6.1\dom4j-1.6.1.jar;C:\Users\Administrator\.m2\repository\org\hibernate\common\hibernate-commons-annotations\5.0.1.Final\hibernate-commons-annotations-5.0.1.Final.jar;C:\Users\Administrator\.m2\repository\javax\transaction\javax.transaction-api\1.2\javax.transaction-api-1.2.jar;C:\Users\Administrator\.m2\repository\org\springframework\data\spring-data-jpa\2.0.9.RELEASE\spring-data-jpa-2.0.9.RELEASE.jar;C:\Users\Administrator\.m2\repository\org\springframework\data\spring-data-commons\2.0.9.RELEASE\spring-data-commons-2.0.9.RELEASE.jar;C:\Users\Administrator\.m2\repository\org\springframework\spring-orm\5.0.8.RELEASE\spring-orm-5.0.8.RELEASE.jar;C:\Users\Administrator\.m2\repository\org\springframework\spring-aspects\5.0.8.RELEASE\spring-aspects-5.0.8.RELEASE.jar;C:\Users\Administrator\.m2\repository\org\springframework\boot\spring-boot-starter-data-redis\2.0.4.RELEASE\spring-boot-starter-data-redis-2.0.4.RELEASE.jar;C:\Users\Administrator\.m2\repository\org\springframework\data\spring-data-redis\2.0.9.RELEASE\spring-data-redis-2.0.9.RELEASE.jar;C:\Users\Administrator\.m2\repository\org\springframework\data\spring-data-keyvalue\2.0.9.RELEASE\spring-data-keyvalue-2.0.9.RELEASE.jar;C:\Users\Administrator\.m2\repository\org\springframework\spring-oxm\5.0.8.RELEASE\spring-oxm-5.0.8.RELEASE.jar;C:\Users\Administrator\.m2\repository\org\springframework\spring-context-support\5.0.8.RELEASE\spring-context-support-5.0.8.RELEASE.jar;C:\Users\Administrator\.m2\repository\io\lettuce\lettuce-core\5.0.4.RELEASE\lettuce-core-5.0.4.RELEASE.jar;C:\Users\Administrator\.m2\repository\io\projectreactor\reactor-core\3.1.8.RELEASE\reactor-core-3.1.8.RELEASE.jar;C:\Users\Administrator\.m2\repository\org\reactivestreams\reactive-streams\1.0.2\reactive-streams-1.0.2.jar;C:\Users\Administrator\.m2\repository\io\netty\netty-common\4.1.27.Final\netty-common-4.1.27.Final.jar;C:\Users\Administrator\.m2\repository\io\netty\netty-transport\4.1.27.Final\netty-transport-4.1.27.Final.jar;C:\Users\Administrator\.m2\repository\io\netty\netty-buffer\4.1.27.Final\netty-buffer-4.1.27.Final.jar;C:\Users\Administrator\.m2\repository\io\netty\netty-resolver\4.1.27.Final\netty-resolver-4.1.27.Final.jar;C:\Users\Administrator\.m2\repository\io\netty\netty-handler\4.1.27.Final\netty-handler-4.1.27.Final.jar;C:\Users\Administrator\.m2\repository\io\netty\netty-codec\4.1.27.Final\netty-codec-4.1.27.Final.jar;C:\Users\Administrator\.m2\repository\org\springframework\boot\spring-boot-starter-test\2.0.4.RELEASE\spring-boot-starter-test-2.0.4.RELEASE.jar;C:\Users\Administrator\.m2\repository\org\springframework\boot\spring-boot-test\2.0.4.RELEASE\spring-boot-test-2.0.4.RELEASE.jar;C:\Users\Administrator\.m2\repository\org\springframework\boot\spring-boot-test-autoconfigure\2.0.4.RELEASE\spring-boot-test-autoconfigure-2.0.4.RELEASE.jar;C:\Users\Administrator\.m2\repository\com\jayway\jsonpath\json-path\2.4.0\json-path-2.4.0.jar;C:\Users\Administrator\.m2\repository\net\minidev\json-smart\2.3\json-smart-2.3.jar;C:\Users\Administrator\.m2\repository\net\minidev\accessors-smart\1.2\accessors-smart-1.2.jar;C:\Users\Administrator\.m2\repository\org\ow2\asm\asm\5.0.4\asm-5.0.4.jar;C:\Users\Administrator\.m2\repository\junit\junit\4.12\junit-4.12.jar;C:\Users\Administrator\.m2\repository\org\assertj\assertj-core\3.9.1\assertj-core-3.9.1.jar;C:\Users\Administrator\.m2\repository\org\mockito\mockito-core\2.15.0\mockito-core-2.15.0.jar;C:\Users\Administrator\.m2\repository\net\bytebuddy\byte-buddy\1.7.11\byte-buddy-1.7.11.jar;C:\Users\Administrator\.m2\repository\net\bytebuddy\byte-buddy-agent\1.7.11\byte-buddy-agent-1.7.11.jar;C:\Users\Administrator\.m2\repository\org\objenesis\objenesis\2.6\objenesis-2.6.jar;C:\Users\Administrator\.m2\repository\org\hamcrest\hamcrest-core\1.3\hamcrest-core-1.3.jar;C:\Users\Administrator\.m2\repository\org\hamcrest\hamcrest-library\1.3\hamcrest-library-1.3.jar;C:\Users\Administrator\.m2\repository\org\skyscreamer\jsonassert\1.5.0\jsonassert-1.5.0.jar;C:\Users\Administrator\.m2\repository\com\vaadin\external\google\android-json\0.0.20131108.vaadin1\android-json-0.0.20131108.vaadin1.jar;C:\Users\Administrator\.m2\repository\org\springframework\spring-test\5.0.8.RELEASE\spring-test-5.0.8.RELEASE.jar;C:\Users\Administrator\.m2\repository\org\xmlunit\xmlunit-core\2.5.1\xmlunit-core-2.5.1.jar;C:\Users\Administrator\.m2\repository\org\mybatis\spring\boot\mybatis-spring-boot-starter\1.3.1\mybatis-spring-boot-starter-1.3.1.jar;C:\Users\Administrator\.m2\repository\org\mybatis\spring\boot\mybatis-spring-boot-autoconfigure\1.3.1\mybatis-spring-boot-autoconfigure-1.3.1.jar;C:\Users\Administrator\.m2\repository\org\mybatis\mybatis\3.4.5\mybatis-3.4.5.jar;C:\Users\Administrator\.m2\repository\org\mybatis\mybatis-spring\1.3.1\mybatis-spring-1.3.1.jar;C:\Users\Administrator\.m2\repository\tk\mybatis\mapper-spring-boot-starter\1.2.4\mapper-spring-boot-starter-1.2.4.jar;C:\Users\Administrator\.m2\repository\tk\mybatis\mapper-spring-boot-autoconfigure\1.2.4\mapper-spring-boot-autoconfigure-1.2.4.jar;C:\Users\Administrator\.m2\repository\tk\mybatis\mapper\3.5.3\mapper-3.5.3.jar;C:\Users\Administrator\.m2\repository\javax\persistence\persistence-api\1.0\persistence-api-1.0.jar;C:\Users\Administrator\.m2\repository\com\github\pagehelper\pagehelper-spring-boot-starter\1.2.3\pagehelper-spring-boot-starter-1.2.3.jar;C:\Users\Administrator\.m2\repository\com\github\pagehelper\pagehelper-spring-boot-autoconfigure\1.2.3\pagehelper-spring-boot-autoconfigure-1.2.3.jar;C:\Users\Administrator\.m2\repository\com\github\pagehelper\pagehelper\5.1.2\pagehelper-5.1.2.jar;C:\Users\Administrator\.m2\repository\com\github\jsqlparser\jsqlparser\1.0\jsqlparser-1.0.jar;C:\Users\Administrator\.m2\repository\com\alibaba\druid-spring-boot-starter\1.1.9\druid-spring-boot-starter-1.1.9.jar;C:\Users\Administrator\.m2\repository\com\alibaba\druid\1.1.9\druid-1.1.9.jar;C:\Users\Administrator\.m2\repository\org\mybatis\generator\mybatis-generator-core\1.3.2\mybatis-generator-core-1.3.2.jar;"/>
    <property name="java.vm.vendor" value="Oracle Corporation"/>
    <property name="sun.arch.data.model" value="64"/>
    <property name="user.variant" value=""/>
    <property name="java.vendor.url" value="http://java.oracle.com/"/>
    <property name="user.timezone" value="Asia/Shanghai"/>
    <property name="java.vm.specification.version" value="1.8"/>
    <property name="os.name" value="Windows 8.1"/>
    <property name="user.country" value="CN"/>
    <property name="sun.java.launcher" value="SUN_STANDARD"/>
    <property name="sun.boot.library.path" value="C:\InstallWork\jdk1.8\bin"/>
    <property name="sun.java.command" value="C:\Users\ADMINI~1\AppData\Local\Temp\surefire4767403070480715283\surefirebooter1722287248415114656.jar C:\Users\Administrator\AppData\Local\Temp\surefire4767403070480715283 2018-08-12T09-18-54_258-jvmRun1 surefire7657042898109388360tmp surefire_07582697614925569913tmp"/>
    <property name="surefire.test.class.path" value="D:\StudySpace\SpringBoot\spring-boot-db\target\test-classes;D:\StudySpace\SpringBoot\spring-boot-db\target\classes;C:\Users\Administrator\.m2\repository\org\springframework\boot\spring-boot-starter\2.0.4.RELEASE\spring-boot-starter-2.0.4.RELEASE.jar;C:\Users\Administrator\.m2\repository\org\springframework\boot\spring-boot\2.0.4.RELEASE\spring-boot-2.0.4.RELEASE.jar;C:\Users\Administrator\.m2\repository\org\springframework\spring-context\5.0.8.RELEASE\spring-context-5.0.8.RELEASE.jar;C:\Users\Administrator\.m2\repository\org\springframework\boot\spring-boot-autoconfigure\2.0.4.RELEASE\spring-boot-autoconfigure-2.0.4.RELEASE.jar;C:\Users\Administrator\.m2\repository\org\springframework\boot\spring-boot-starter-logging\2.0.4.RELEASE\spring-boot-starter-logging-2.0.4.RELEASE.jar;C:\Users\Administrator\.m2\repository\ch\qos\logback\logback-classic\1.2.3\logback-classic-1.2.3.jar;C:\Users\Administrator\.m2\repository\ch\qos\logback\logback-core\1.2.3\logback-core-1.2.3.jar;C:\Users\Administrator\.m2\repository\org\apache\logging\log4j\log4j-to-slf4j\2.10.0\log4j-to-slf4j-2.10.0.jar;C:\Users\Administrator\.m2\repository\org\apache\logging\log4j\log4j-api\2.10.0\log4j-api-2.10.0.jar;C:\Users\Administrator\.m2\repository\org\slf4j\jul-to-slf4j\1.7.25\jul-to-slf4j-1.7.25.jar;C:\Users\Administrator\.m2\repository\javax\annotation\javax.annotation-api\1.3.2\javax.annotation-api-1.3.2.jar;C:\Users\Administrator\.m2\repository\org\springframework\spring-core\5.0.8.RELEASE\spring-core-5.0.8.RELEASE.jar;C:\Users\Administrator\.m2\repository\org\springframework\spring-jcl\5.0.8.RELEASE\spring-jcl-5.0.8.RELEASE.jar;C:\Users\Administrator\.m2\repository\org\yaml\snakeyaml\1.19\snakeyaml-1.19.jar;C:\Users\Administrator\.m2\repository\org\springframework\boot\spring-boot-starter-web\2.0.4.RELEASE\spring-boot-starter-web-2.0.4.RELEASE.jar;C:\Users\Administrator\.m2\repository\org\springframework\boot\spring-boot-starter-json\2.0.4.RELEASE\spring-boot-starter-json-2.0.4.RELEASE.jar;C:\Users\Administrator\.m2\repository\com\fasterxml\jackson\core\jackson-databind\2.9.6\jackson-databind-2.9.6.jar;C:\Users\Administrator\.m2\repository\com\fasterxml\jackson\core\jackson-annotations\2.9.0\jackson-annotations-2.9.0.jar;C:\Users\Administrator\.m2\repository\com\fasterxml\jackson\core\jackson-core\2.9.6\jackson-core-2.9.6.jar;C:\Users\Administrator\.m2\repository\com\fasterxml\jackson\datatype\jackson-datatype-jdk8\2.9.6\jackson-datatype-jdk8-2.9.6.jar;C:\Users\Administrator\.m2\repository\com\fasterxml\jackson\datatype\jackson-datatype-jsr310\2.9.6\jackson-datatype-jsr310-2.9.6.jar;C:\Users\Administrator\.m2\repository\com\fasterxml\jackson\module\jackson-module-parameter-names\2.9.6\jackson-module-parameter-names-2.9.6.jar;C:\Users\Administrator\.m2\repository\org\springframework\boot\spring-boot-starter-tomcat\2.0.4.RELEASE\spring-boot-starter-tomcat-2.0.4.RELEASE.jar;C:\Users\Administrator\.m2\repository\org\apache\tomcat\embed\tomcat-embed-core\8.5.32\tomcat-embed-core-8.5.32.jar;C:\Users\Administrator\.m2\repository\org\apache\tomcat\embed\tomcat-embed-el\8.5.32\tomcat-embed-el-8.5.32.jar;C:\Users\Administrator\.m2\repository\org\apache\tomcat\embed\tomcat-embed-websocket\8.5.32\tomcat-embed-websocket-8.5.32.jar;C:\Users\Administrator\.m2\repository\org\hibernate\validator\hibernate-validator\6.0.11.Final\hibernate-validator-6.0.11.Final.jar;C:\Users\Administrator\.m2\repository\javax\validation\validation-api\2.0.1.Final\validation-api-2.0.1.Final.jar;C:\Users\Administrator\.m2\repository\org\jboss\logging\jboss-logging\3.3.2.Final\jboss-logging-3.3.2.Final.jar;C:\Users\Administrator\.m2\repository\com\fasterxml\classmate\1.3.4\classmate-1.3.4.jar;C:\Users\Administrator\.m2\repository\org\springframework\spring-web\5.0.8.RELEASE\spring-web-5.0.8.RELEASE.jar;C:\Users\Administrator\.m2\repository\org\springframework\spring-beans\5.0.8.RELEASE\spring-beans-5.0.8.RELEASE.jar;C:\Users\Administrator\.m2\repository\org\springframework\spring-webmvc\5.0.8.RELEASE\spring-webmvc-5.0.8.RELEASE.jar;C:\Users\Administrator\.m2\repository\org\springframework\spring-aop\5.0.8.RELEASE\spring-aop-5.0.8.RELEASE.jar;C:\Users\Administrator\.m2\repository\org\springframework\spring-expression\5.0.8.RELEASE\spring-expression-5.0.8.RELEASE.jar;C:\Users\Administrator\.m2\repository\org\springframework\boot\spring-boot-devtools\2.0.4.RELEASE\spring-boot-devtools-2.0.4.RELEASE.jar;C:\Users\Administrator\.m2\repository\com\ibeetl\beetl-framework-starter\1.1.23.RELEASE\beetl-framework-starter-1.1.23.RELEASE.jar;C:\Users\Administrator\.m2\repository\com\ibeetl\beetlsql\2.9.15\beetlsql-2.9.15.jar;C:\Users\Administrator\.m2\repository\com\ibeetl\beetl\2.7.24\beetl-2.7.24.jar;C:\Users\Administrator\.m2\repository\org\antlr\antlr4-runtime\4.2\antlr4-runtime-4.2.jar;C:\Users\Administrator\.m2\repository\org\abego\treelayout\org.abego.treelayout.core\1.0.1\org.abego.treelayout.core-1.0.1.jar;C:\Users\Administrator\.m2\repository\org\antlr\antlr4-annotations\4.2\antlr4-annotations-4.2.jar;C:\Users\Administrator\.m2\repository\org\springframework\boot\spring-boot-starter-jdbc\2.0.4.RELEASE\spring-boot-starter-jdbc-2.0.4.RELEASE.jar;C:\Users\Administrator\.m2\repository\org\springframework\spring-jdbc\5.0.8.RELEASE\spring-jdbc-5.0.8.RELEASE.jar;C:\Users\Administrator\.m2\repository\org\springframework\spring-tx\5.0.8.RELEASE\spring-tx-5.0.8.RELEASE.jar;C:\Users\Administrator\.m2\repository\com\zaxxer\HikariCP\2.7.9\HikariCP-2.7.9.jar;C:\Users\Administrator\.m2\repository\org\slf4j\slf4j-api\1.7.25\slf4j-api-1.7.25.jar;C:\Users\Administrator\.m2\repository\mysql\mysql-connector-java\5.1.46\mysql-connector-java-5.1.46.jar;C:\Users\Administrator\.m2\repository\org\springframework\boot\spring-boot-starter-data-jpa\2.0.4.RELEASE\spring-boot-starter-data-jpa-2.0.4.RELEASE.jar;C:\Users\Administrator\.m2\repository\org\springframework\boot\spring-boot-starter-aop\2.0.4.RELEASE\spring-boot-starter-aop-2.0.4.RELEASE.jar;C:\Users\Administrator\.m2\repository\org\aspectj\aspectjweaver\1.8.13\aspectjweaver-1.8.13.jar;C:\Users\Administrator\.m2\repository\org\hibernate\hibernate-core\5.2.17.Final\hibernate-core-5.2.17.Final.jar;C:\Users\Administrator\.m2\repository\org\hibernate\javax\persistence\hibernate-jpa-2.1-api\1.0.2.Final\hibernate-jpa-2.1-api-1.0.2.Final.jar;C:\Users\Administrator\.m2\repository\org\javassist\javassist\3.22.0-GA\javassist-3.22.0-GA.jar;C:\Users\Administrator\.m2\repository\antlr\antlr\2.7.7\antlr-2.7.7.jar;C:\Users\Administrator\.m2\repository\org\jboss\jandex\2.0.3.Final\jandex-2.0.3.Final.jar;C:\Users\Administrator\.m2\repository\dom4j\dom4j\1.6.1\dom4j-1.6.1.jar;C:\Users\Administrator\.m2\repository\org\hibernate\common\hibernate-commons-annotations\5.0.1.Final\hibernate-commons-annotations-5.0.1.Final.jar;C:\Users\Administrator\.m2\repository\javax\transaction\javax.transaction-api\1.2\javax.transaction-api-1.2.jar;C:\Users\Administrator\.m2\repository\org\springframework\data\spring-data-jpa\2.0.9.RELEASE\spring-data-jpa-2.0.9.RELEASE.jar;C:\Users\Administrator\.m2\repository\org\springframework\data\spring-data-commons\2.0.9.RELEASE\spring-data-commons-2.0.9.RELEASE.jar;C:\Users\Administrator\.m2\repository\org\springframework\spring-orm\5.0.8.RELEASE\spring-orm-5.0.8.RELEASE.jar;C:\Users\Administrator\.m2\repository\org\springframework\spring-aspects\5.0.8.RELEASE\spring-aspects-5.0.8.RELEASE.jar;C:\Users\Administrator\.m2\repository\org\springframework\boot\spring-boot-starter-data-redis\2.0.4.RELEASE\spring-boot-starter-data-redis-2.0.4.RELEASE.jar;C:\Users\Administrator\.m2\repository\org\springframework\data\spring-data-redis\2.0.9.RELEASE\spring-data-redis-2.0.9.RELEASE.jar;C:\Users\Administrator\.m2\repository\org\springframework\data\spring-data-keyvalue\2.0.9.RELEASE\spring-data-keyvalue-2.0.9.RELEASE.jar;C:\Users\Administrator\.m2\repository\org\springframework\spring-oxm\5.0.8.RELEASE\spring-oxm-5.0.8.RELEASE.jar;C:\Users\Administrator\.m2\repository\org\springframework\spring-context-support\5.0.8.RELEASE\spring-context-support-5.0.8.RELEASE.jar;C:\Users\Administrator\.m2\repository\io\lettuce\lettuce-core\5.0.4.RELEASE\lettuce-core-5.0.4.RELEASE.jar;C:\Users\Administrator\.m2\repository\io\projectreactor\reactor-core\3.1.8.RELEASE\reactor-core-3.1.8.RELEASE.jar;C:\Users\Administrator\.m2\repository\org\reactivestreams\reactive-streams\1.0.2\reactive-streams-1.0.2.jar;C:\Users\Administrator\.m2\repository\io\netty\netty-common\4.1.27.Final\netty-common-4.1.27.Final.jar;C:\Users\Administrator\.m2\repository\io\netty\netty-transport\4.1.27.Final\netty-transport-4.1.27.Final.jar;C:\Users\Administrator\.m2\repository\io\netty\netty-buffer\4.1.27.Final\netty-buffer-4.1.27.Final.jar;C:\Users\Administrator\.m2\repository\io\netty\netty-resolver\4.1.27.Final\netty-resolver-4.1.27.Final.jar;C:\Users\Administrator\.m2\repository\io\netty\netty-handler\4.1.27.Final\netty-handler-4.1.27.Final.jar;C:\Users\Administrator\.m2\repository\io\netty\netty-codec\4.1.27.Final\netty-codec-4.1.27.Final.jar;C:\Users\Administrator\.m2\repository\org\springframework\boot\spring-boot-starter-test\2.0.4.RELEASE\spring-boot-starter-test-2.0.4.RELEASE.jar;C:\Users\Administrator\.m2\repository\org\springframework\boot\spring-boot-test\2.0.4.RELEASE\spring-boot-test-2.0.4.RELEASE.jar;C:\Users\Administrator\.m2\repository\org\springframework\boot\spring-boot-test-autoconfigure\2.0.4.RELEASE\spring-boot-test-autoconfigure-2.0.4.RELEASE.jar;C:\Users\Administrator\.m2\repository\com\jayway\jsonpath\json-path\2.4.0\json-path-2.4.0.jar;C:\Users\Administrator\.m2\repository\net\minidev\json-smart\2.3\json-smart-2.3.jar;C:\Users\Administrator\.m2\repository\net\minidev\accessors-smart\1.2\accessors-smart-1.2.jar;C:\Users\Administrator\.m2\repository\org\ow2\asm\asm\5.0.4\asm-5.0.4.jar;C:\Users\Administrator\.m2\repository\junit\junit\4.12\junit-4.12.jar;C:\Users\Administrator\.m2\repository\org\assertj\assertj-core\3.9.1\assertj-core-3.9.1.jar;C:\Users\Administrator\.m2\repository\org\mockito\mockito-core\2.15.0\mockito-core-2.15.0.jar;C:\Users\Administrator\.m2\repository\net\bytebuddy\byte-buddy\1.7.11\byte-buddy-1.7.11.jar;C:\Users\Administrator\.m2\repository\net\bytebuddy\byte-buddy-agent\1.7.11\byte-buddy-agent-1.7.11.jar;C:\Users\Administrator\.m2\repository\org\objenesis\objenesis\2.6\objenesis-2.6.jar;C:\Users\Administrator\.m2\repository\org\hamcrest\hamcrest-core\1.3\hamcrest-core-1.3.jar;C:\Users\Administrator\.m2\repository\org\hamcrest\hamcrest-library\1.3\hamcrest-library-1.3.jar;C:\Users\Administrator\.m2\repository\org\skyscreamer\jsonassert\1.5.0\jsonassert-1.5.0.jar;C:\Users\Administrator\.m2\repository\com\vaadin\external\google\android-json\0.0.20131108.vaadin1\android-json-0.0.20131108.vaadin1.jar;C:\Users\Administrator\.m2\repository\org\springframework\spring-test\5.0.8.RELEASE\spring-test-5.0.8.RELEASE.jar;C:\Users\Administrator\.m2\repository\org\xmlunit\xmlunit-core\2.5.1\xmlunit-core-2.5.1.jar;C:\Users\Administrator\.m2\repository\org\mybatis\spring\boot\mybatis-spring-boot-starter\1.3.1\mybatis-spring-boot-starter-1.3.1.jar;C:\Users\Administrator\.m2\repository\org\mybatis\spring\boot\mybatis-spring-boot-autoconfigure\1.3.1\mybatis-spring-boot-autoconfigure-1.3.1.jar;C:\Users\Administrator\.m2\repository\org\mybatis\mybatis\3.4.5\mybatis-3.4.5.jar;C:\Users\Administrator\.m2\repository\org\mybatis\mybatis-spring\1.3.1\mybatis-spring-1.3.1.jar;C:\Users\Administrator\.m2\repository\tk\mybatis\mapper-spring-boot-starter\1.2.4\mapper-spring-boot-starter-1.2.4.jar;C:\Users\Administrator\.m2\repository\tk\mybatis\mapper-spring-boot-autoconfigure\1.2.4\mapper-spring-boot-autoconfigure-1.2.4.jar;C:\Users\Administrator\.m2\repository\tk\mybatis\mapper\3.5.3\mapper-3.5.3.jar;C:\Users\Administrator\.m2\repository\javax\persistence\persistence-api\1.0\persistence-api-1.0.jar;C:\Users\Administrator\.m2\repository\com\github\pagehelper\pagehelper-spring-boot-starter\1.2.3\pagehelper-spring-boot-starter-1.2.3.jar;C:\Users\Administrator\.m2\repository\com\github\pagehelper\pagehelper-spring-boot-autoconfigure\1.2.3\pagehelper-spring-boot-autoconfigure-1.2.3.jar;C:\Users\Administrator\.m2\repository\com\github\pagehelper\pagehelper\5.1.2\pagehelper-5.1.2.jar;C:\Users\Administrator\.m2\repository\com\github\jsqlparser\jsqlparser\1.0\jsqlparser-1.0.jar;C:\Users\Administrator\.m2\repository\com\alibaba\druid-spring-boot-starter\1.1.9\druid-spring-boot-starter-1.1.9.jar;C:\Users\Administrator\.m2\repository\com\alibaba\druid\1.1.9\druid-1.1.9.jar;C:\Users\Administrator\.m2\repository\org\mybatis\generator\mybatis-generator-core\1.3.2\mybatis-generator-core-1.3.2.jar;"/>
    <property name="sun.cpu.endian" value="little"/>
    <property name="user.home" value="C:\Users\Administrator"/>
    <property name="user.language" value="zh"/>
    <property name="java.specification.vendor" value="Oracle Corporation"/>
    <property name="java.home" value="C:\InstallWork\jdk1.8"/>
    <property name="basedir" value="D:\StudySpace\SpringBoot\spring-boot-db"/>
    <property name="file.separator" value="\"/>
    <property name="line.separator" value="&#10;"/>
    <property name="java.vm.specification.vendor" value="Oracle Corporation"/>
    <property name="java.specification.name" value="Java Platform API Specification"/>
    <property name="java.awt.graphicsenv" value="sun.awt.Win32GraphicsEnvironment"/>
    <property name="surefire.real.class.path" value="C:\Users\ADMINI~1\AppData\Local\Temp\surefire4767403070480715283\surefirebooter1722287248415114656.jar"/>
    <property name="sun.boot.class.path" value="C:\InstallWork\jdk1.8\lib\resources.jar;C:\InstallWork\jdk1.8\lib\rt.jar;C:\InstallWork\jdk1.8\lib\sunrsasign.jar;C:\InstallWork\jdk1.8\lib\jsse.jar;C:\InstallWork\jdk1.8\lib\jce.jar;C:\InstallWork\jdk1.8\lib\charsets.jar;C:\InstallWork\jdk1.8\lib\jfr.jar;C:\InstallWork\jdk1.8\classes"/>
    <property name="user.script" value=""/>
    <property name="sun.management.compiler" value="HotSpot 64-Bit Tiered Compilers"/>
    <property name="java.runtime.version" value="1.8.0_31-b13"/>
    <property name="user.name" value="wxp"/>
    <property name="path.separator" value=";"/>
    <property name="os.version" value="6.3"/>
    <property name="java.endorsed.dirs" value="C:\InstallWork\jdk1.8\lib\endorsed"/>
    <property name="java.runtime.name" value="Java(TM) SE Runtime Environment"/>
    <property name="file.encoding" value="GBK"/>
    <property name="java.vm.name" value="Java HotSpot(TM) 64-Bit Server VM"/>
    <property name="localRepository" value="C:\Users\Administrator\.m2\repository"/>
    <property name="java.vendor.url.bug" value="http://bugreport.sun.com/bugreport/"/>
    <property name="java.io.tmpdir" value="C:\Users\ADMINI~1\AppData\Local\Temp\"/>
    <property name="idea.version" value="2017.2.3"/>
    <property name="java.version" value="1.8.0_31"/>
    <property name="user.dir" value="D:\StudySpace\SpringBoot\spring-boot-db"/>
    <property name="os.arch" value="amd64"/>
    <property name="java.vm.specification.name" value="Java Virtual Machine Specification"/>
    <property name="java.awt.printerjob" value="sun.awt.windows.WPrinterJob"/>
    <property name="sun.os.patch.level" value=""/>
    <property name="java.library.path" value="C:\InstallWork\jdk1.8\bin;C:\WINDOWS\Sun\Java\bin;C:\WINDOWS\system32;C:\WINDOWS;C:\ProgramData\Oracle\Java\javapath;C:\WINDOWS\system32;C:\WINDOWS;C:\WINDOWS\System32\Wbem;C:\WINDOWS\System32\WindowsPowerShell\v1.0\;&quot;C:\InstallWork\jdk1.8\bin;C:\InstallWork\jdk1.8\jre\bin;&quot;;E:\Linux工具\Linux程序开发软件\hadoop-2.6.5\bin;D:\InstallTool\Git\cmd;&quot;D:\InstallSoft\apache-maven-3.5.3\bin;&quot;;C:\Users\Administrator\AppData\Local\Microsoft\WindowsApps;;."/>
    <property name="java.vm.info" value="mixed mode"/>
    <property name="java.vendor" value="Oracle Corporation"/>
    <property name="java.vm.version" value="25.31-b07"/>
    <property name="java.ext.dirs" value="C:\InstallWork\jdk1.8\lib\ext;C:\WINDOWS\Sun\Java\lib\ext"/>
    <property name="sun.io.unicode.encoding" value="UnicodeLittle"/>
    <property name="java.class.version" value="52.0"/>
  </properties>
  <testcase name="upateNameTest" classname="com.example.springbootmvc.db.UserDbTest" time="0.364">
    <error message="unique查询user,但数据库未找到结果集:主键是4" type="org.beetl.sql.core.BeetlSQLException">org.beetl.sql.core.BeetlSQLException: unique查询user,但数据库未找到结果集:主键是4
	at com.example.springbootmvc.db.UserDbTest.upateNameTest(UserDbTest.java:36)
</error>
    <system-out><![CDATA[INFO 09:19:01 main - o.s.b.t.c.SpringBootTestContextBootstrapper.buildDefaultMergedContextConfiguration - 308 : Neither @ContextConfiguration nor @ContextHierarchy found for test class [com.example.springbootmvc.db.UserDbTest], using SpringBootContextLoader
INFO 09:19:01 main - o.s.t.c.s.AbstractContextLoader.generateDefaultLocations - 264 : Could not detect default resource locations for test class [com.example.springbootmvc.db.UserDbTest]: no resource found for suffixes {-context.xml, Context.groovy}.
INFO 09:19:01 main - o.s.t.c.s.AnnotationConfigContextLoaderUtils.detectDefaultConfigurationClasses - 83 : Could not detect default configuration classes for test class [com.example.springbootmvc.db.UserDbTest]: UserDbTest does not declare any static, non-private, non-final, nested classes annotated with @Configuration.
INFO 09:19:02 main - o.s.b.t.c.SpringBootTestContextBootstrapper.getOrFindConfigurationClasses - 247 : Found @SpringBootConfiguration com.example.springbootmvc.SpringBootMvcApplication for test class com.example.springbootmvc.db.UserDbTest
INFO 09:19:02 main - o.s.b.t.c.SpringBootTestContextBootstrapper.getDefaultTestExecutionListenerClassNames - 248 : Loaded default TestExecutionListener class names from location [META-INF/spring.factories]: [org.springframework.boot.test.mock.mockito.MockitoTestExecutionListener, org.springframework.boot.test.mock.mockito.ResetMocksTestExecutionListener, org.springframework.boot.test.autoconfigure.restdocs.RestDocsTestExecutionListener, org.springframework.boot.test.autoconfigure.web.client.MockRestServiceServerResetTestExecutionListener, org.springframework.boot.test.autoconfigure.web.servlet.MockMvcPrintOnlyOnFailureTestExecutionListener, org.springframework.boot.test.autoconfigure.web.servlet.WebDriverTestExecutionListener, org.springframework.test.context.web.ServletTestExecutionListener, org.springframework.test.context.support.DirtiesContextBeforeModesTestExecutionListener, org.springframework.test.context.support.DependencyInjectionTestExecutionListener, org.springframework.test.context.support.DirtiesContextTestExecutionListener, org.springframework.test.context.transaction.TransactionalTestExecutionListener, org.springframework.test.context.jdbc.SqlScriptsTestExecutionListener]
INFO 09:19:02 main - o.s.b.t.c.SpringBootTestContextBootstrapper.getTestExecutionListeners - 177 : Using TestExecutionListeners: [org.springframework.test.context.web.ServletTestExecutionListener@1e7ab390, org.springframework.test.context.support.DirtiesContextBeforeModesTestExecutionListener@625d9132, org.springframework.boot.test.mock.mockito.MockitoTestExecutionListener@77774571, org.springframework.boot.test.autoconfigure.SpringBootDependencyInjectionTestExecutionListener@277b8fa4, org.springframework.test.context.support.DirtiesContextTestExecutionListener@6cd64ee8, org.springframework.test.context.transaction.TransactionalTestExecutionListener@620c8641, org.springframework.test.context.jdbc.SqlScriptsTestExecutionListener@2f1d0bbc, org.springframework.boot.test.mock.mockito.ResetMocksTestExecutionListener@5460b754, org.springframework.boot.test.autoconfigure.restdocs.RestDocsTestExecutionListener@a9f023e, org.springframework.boot.test.autoconfigure.web.client.MockRestServiceServerResetTestExecutionListener@c27a3a2, org.springframework.boot.test.autoconfigure.web.servlet.MockMvcPrintOnlyOnFailureTestExecutionListener@4b200971, org.springframework.boot.test.autoconfigure.web.servlet.WebDriverTestExecutionListener@1a2bcd56]
////////////////////////////////////////////////////////////////////
//                          _ooOoo_                               //
//                         o8888888o                              //
//                         88" . "88                              //
//                         (| ^_^ |)                              //
//                         O\  =  /O                              //
////////////////////////////////////////////////////////////////////
INFO 09:19:02 main - c.e.s.db.UserDbTest.logStarting - 50 : Starting UserDbTest on AGOC3-711242104 with PID 9604 (started by wxp in D:\StudySpace\SpringBoot\spring-boot-db)
INFO 09:19:02 main - c.e.s.db.UserDbTest.logStartupProfileInfo - 666 : The following profiles are active: test
INFO 09:19:02 main - o.s.w.c.s.GenericWebApplicationContext.prepareRefresh - 590 : Refreshing org.springframework.web.context.support.GenericWebApplicationContext@7fe82967: startup date [Sun Aug 12 09:19:02 CST 2018]; root of context hierarchy
WARN 09:19:03 main - t.m.s.m.ClassPathMapperScanner.doScan - 166 : No MyBatis mapper was found in '[com.example.springbootmvc]' package. Please check your configuration.
WARN 09:19:03 main - o.m.s.m.ClassPathMapperScanner.doScan - 166 : No MyBatis mapper was found in '[com.example.springbootmvc]' package. Please check your configuration.
INFO 09:19:03 main - o.s.d.r.c.RepositoryConfigurationDelegate.multipleStoresDetected - 163 : Multiple Spring Data modules found, entering strict repository configuration mode!
INFO 09:19:03 main - o.s.d.r.c.RepositoryConfigurationDelegate.multipleStoresDetected - 163 : Multiple Spring Data modules found, entering strict repository configuration mode!
INFO 09:19:03 main - o.s.d.r.c.RepositoryConfigurationExtensionSupport.isStrictRepositoryCandidate - 297 : Spring Data Redis - Could not safely identify store assignment for repository candidate interface com.example.springbootmvc.dao.UserRepository.
INFO 09:19:03 main - o.s.c.s.PostProcessorRegistrationDelegate$BeanPostProcessorChecker.postProcessAfterInitialization - 326 : Bean 'org.springframework.transaction.annotation.ProxyTransactionManagementConfiguration' of type [org.springframework.transaction.annotation.ProxyTransactionManagementConfiguration$$EnhancerBySpringCGLIB$$2994bde2] is not eligible for getting processed by all BeanPostProcessors (for example: not eligible for auto-proxying)
INFO 09:19:04 main - c.z.h.HikariDataSource.getConnection - 110 : HikariPool-1 - Starting...
INFO 09:19:05 main - c.z.h.HikariDataSource.getConnection - 123 : HikariPool-1 - Start completed.
INFO 09:19:05 main - o.s.o.j.LocalContainerEntityManagerFactoryBean.createNativeEntityManagerFactory - 361 : Building JPA container EntityManagerFactory for persistence unit 'default'
INFO 09:19:05 main - o.h.j.i.u.LogHelper.logPersistenceUnitInformation - 31 : HHH000204: Processing PersistenceUnitInfo [
	name: default
	...]
INFO 09:19:05 main - o.hibernate.Version.logVersion - 45 : HHH000412: Hibernate Core {5.2.17.Final}
INFO 09:19:05 main - o.h.cfg.Environment.<clinit> - 213 : HHH000206: hibernate.properties not found
INFO 09:19:05 main - o.h.a.common.Version.<clinit> - 66 : HCANN000001: Hibernate Commons Annotations {5.0.1.Final}
INFO 09:19:05 main - o.h.dialect.Dialect.<init> - 157 : HHH000400: Using dialect: org.hibernate.dialect.MySQL5Dialect
INFO 09:19:07 main - o.s.o.j.LocalContainerEntityManagerFactoryBean.buildNativeEntityManagerFactory - 415 : Initialized JPA EntityManagerFactory for persistence unit 'default'
INFO 09:19:09 main - o.h.h.i.QueryTranslatorFactoryInitiator.initiateService - 47 : HHH000397: Using ASTQueryTranslatorFactory
INFO 09:19:09 main - o.s.w.s.h.SimpleUrlHandlerMapping.registerHandler - 373 : Mapped URL path [/**/favicon.ico] onto handler of type [class org.springframework.web.servlet.resource.ResourceHttpRequestHandler]
INFO 09:19:10 main - o.s.w.s.m.m.a.RequestMappingHandlerAdapter.initControllerAdviceCache - 574 : Looking for @ControllerAdvice: org.springframework.web.context.support.GenericWebApplicationContext@7fe82967: startup date [Sun Aug 12 09:19:02 CST 2018]; root of context hierarchy
WARN 09:19:10 main - o.s.b.a.o.j.JpaBaseConfiguration$JpaWebConfiguration$JpaWebMvcConfiguration.openEntityManagerInViewInterceptor - 235 : spring.jpa.open-in-view is enabled by default. Therefore, database queries may be performed during view rendering. Explicitly configure spring.jpa.open-in-view to disable this warning
INFO 09:19:10 main - o.s.w.s.m.m.a.RequestMappingHandlerMapping.register - 547 : Mapped "{[/showvalue.html]}" onto public java.lang.String com.example.springbootmvc.controller.PropertyController.value(int)
INFO 09:19:10 main - o.s.w.s.m.m.a.RequestMappingHandlerMapping.register - 547 : Mapped "{[/showserver.html]}" onto public java.lang.String com.example.springbootmvc.controller.PropertyController.value()
INFO 09:19:10 main - o.s.w.s.m.m.a.RequestMappingHandlerMapping.register - 547 : Mapped "{[/showenv.html]}" onto public java.lang.String com.example.springbootmvc.controller.PropertyController.env()
INFO 09:19:10 main - o.s.w.s.m.m.a.RequestMappingHandlerMapping.register - 547 : Mapped "{[/sayhello.html]}" onto public java.lang.String com.example.springbootmvc.controller.PropertyController.say()
INFO 09:19:10 main - o.s.w.s.m.m.a.RequestMappingHandlerMapping.register - 547 : Mapped "{[/redis/simpleset.html]}" onto public java.lang.String com.example.springbootmvc.controller.redis.RedisTemplateCrontroller.simpleSet()
INFO 09:19:10 main - o.s.w.s.m.m.a.RequestMappingHandlerMapping.register - 547 : Mapped "{[/redis/simpleget.html]}" onto public java.lang.String com.example.springbootmvc.controller.redis.RedisTemplateCrontroller.simpleGet()
INFO 09:19:10 main - o.s.w.s.m.m.a.RequestMappingHandlerMapping.register - 547 : Mapped "{[/redis/setget.html]}" onto public java.lang.String com.example.springbootmvc.controller.redis.StringRedisTemplateCrontroller.env(java.lang.String) throws java.lang.Exception
INFO 09:19:10 main - o.s.w.s.m.m.a.RequestMappingHandlerMapping.register - 547 : Mapped "{[/redis/connectionset.html]}" onto public java.lang.String com.example.springbootmvc.controller.redis.StringRedisTemplateCrontroller.connectionSet(java.lang.String,java.lang.String) throws java.lang.Exception
INFO 09:19:10 main - o.s.w.s.m.m.a.RequestMappingHandlerMapping.register - 547 : Mapped "{[/redis/boundvalue.html]}" onto public java.lang.String com.example.springbootmvc.controller.redis.StringRedisTemplateCrontroller.boundValue(java.lang.String) throws java.lang.Exception
INFO 09:19:10 main - o.s.w.s.m.m.a.RequestMappingHandlerMapping.register - 547 : Mapped "{[/redis/readmessage.html]}" onto public java.lang.String com.example.springbootmvc.controller.redis.StringRedisTemplateCrontroller.readMessage() throws java.lang.Exception
INFO 09:19:10 main - o.s.w.s.m.m.a.RequestMappingHandlerMapping.register - 547 : Mapped "{[/redis/addcache.html]}" onto public java.lang.String com.example.springbootmvc.controller.redis.StringRedisTemplateCrontroller.addMessage(java.lang.String,java.lang.String) throws java.lang.Exception
INFO 09:19:10 main - o.s.w.s.m.m.a.RequestMappingHandlerMapping.register - 547 : Mapped "{[/redis/addmessage.html]}" onto public java.lang.String com.example.springbootmvc.controller.redis.StringRedisTemplateCrontroller.addMessage() throws java.lang.Exception
INFO 09:19:10 main - o.s.w.s.m.m.a.RequestMappingHandlerMapping.register - 547 : Mapped "{[/redis/getcache.html]}" onto public java.lang.String com.example.springbootmvc.controller.redis.StringRedisTemplateCrontroller.addMessage(java.lang.String) throws java.lang.Exception
INFO 09:19:10 main - o.s.w.s.m.m.a.RequestMappingHandlerMapping.register - 547 : Mapped "{[/redis/publish]}" onto public java.lang.String com.example.springbootmvc.controller.redis.StringRedisTemplateCrontroller.publishNews() throws java.lang.Exception
INFO 09:19:10 main - o.s.w.s.m.m.a.RequestMappingHandlerMapping.register - 547 : Mapped "{[/user/user/{id}/{name}]}" onto public java.lang.String com.example.springbootmvc.controller.UserController.updateUser(java.lang.Integer,java.lang.String)
INFO 09:19:10 main - o.s.w.s.m.m.a.RequestMappingHandlerMapping.register - 547 : Mapped "{[/user/user/{id}]}" onto public java.lang.String com.example.springbootmvc.controller.UserController.getUser(java.lang.Integer)
INFO 09:19:10 main - o.s.w.s.m.m.a.RequestMappingHandlerMapping.register - 547 : Mapped "{[/user/findTest.html]}" onto public int com.example.springbootmvc.controller.UserController.getUser(int)
INFO 09:19:10 main - o.s.w.s.m.m.a.RequestMappingHandlerMapping.register - 547 : Mapped "{[/user/getuser.html]}" onto public java.lang.String com.example.springbootmvc.controller.UserController.getUser(java.lang.String)
INFO 09:19:10 main - o.s.w.s.m.m.a.RequestMappingHandlerMapping.register - 547 : Mapped "{[/user/alluser.html]}" onto public java.lang.String com.example.springbootmvc.controller.UserController.alluser(int,int)
INFO 09:19:10 main - o.s.w.s.m.m.a.RequestMappingHandlerMapping.register - 547 : Mapped "{[/user/example.html]}" onto public java.lang.String com.example.springbootmvc.controller.UserController.example(java.lang.String)
INFO 09:19:10 main - o.s.w.s.m.m.a.RequestMappingHandlerMapping.register - 547 : Mapped "{[/user/adduser.html]}" onto public java.lang.String com.example.springbootmvc.controller.UserController.addUser(com.example.springbootmvc.entity.User)
INFO 09:19:10 main - o.s.w.s.m.m.a.RequestMappingHandlerMapping.register - 547 : Mapped "{[/user/pagequery.html]}" onto public java.lang.String com.example.springbootmvc.controller.UserController.pageQuery(java.lang.Integer,int,int)
INFO 09:19:10 main - o.s.w.s.m.m.a.RequestMappingHandlerMapping.register - 547 : Mapped "{[/user/finduser.html]}" onto public java.lang.String com.example.springbootmvc.controller.UserController.findUser(int)
INFO 09:19:10 main - o.s.w.s.m.m.a.RequestMappingHandlerMapping.register - 547 : Mapped "{[/user/getdepartuser.html]}" onto public java.lang.String com.example.springbootmvc.controller.UserController.getDepartmentUser(java.lang.String,java.lang.Integer)
INFO 09:19:10 main - o.s.w.s.m.m.a.RequestMappingHandlerMapping.register - 547 : Mapped "{[/error]}" onto public org.springframework.http.ResponseEntity<java.util.Map<java.lang.String, java.lang.Object>> org.springframework.boot.autoconfigure.web.servlet.error.BasicErrorController.error(javax.servlet.http.HttpServletRequest)
INFO 09:19:10 main - o.s.w.s.m.m.a.RequestMappingHandlerMapping.register - 547 : Mapped "{[/error],produces=[text/html]}" onto public org.springframework.web.servlet.ModelAndView org.springframework.boot.autoconfigure.web.servlet.error.BasicErrorController.errorHtml(javax.servlet.http.HttpServletRequest,javax.servlet.http.HttpServletResponse)
INFO 09:19:10 main - o.s.w.s.h.SimpleUrlHandlerMapping.registerHandler - 373 : Mapped URL path [/webjars/**] onto handler of type [class org.springframework.web.servlet.resource.ResourceHttpRequestHandler]
INFO 09:19:10 main - o.s.w.s.h.SimpleUrlHandlerMapping.registerHandler - 373 : Mapped URL path [/**] onto handler of type [class org.springframework.web.servlet.resource.ResourceHttpRequestHandler]
INFO 09:19:12 main - o.s.c.s.DefaultLifecycleProcessor.start - 351 : Starting beans in phase 2147483647
INFO 09:19:12 container-1 - i.l.c.EpollProvider.info - 101 : Starting without optional epoll library
INFO 09:19:12 container-1 - i.l.c.KqueueProvider.info - 101 : Starting without optional kqueue library
INFO 09:19:13 main - c.e.s.db.UserDbTest.logStarted - 59 : Started UserDbTest in 11.068 seconds (JVM running for 17.566)
INFO 09:19:13 main - o.s.t.c.t.TransactionContext.startTransaction - 107 : Began transaction (1) for test context [DefaultTestContext@580154b3 testClass = UserDbTest, testInstance = com.example.springbootmvc.db.UserDbTest@79fc4e99, testMethod = upateNameTest@UserDbTest, testException = [null], mergedContextConfiguration = [WebMergedContextConfiguration@6e7fa4b0 testClass = UserDbTest, locations = '{}', classes = '{class com.example.springbootmvc.SpringBootMvcApplication}', contextInitializerClasses = '[]', activeProfiles = '{test}', propertySourceLocations = '{}', propertySourceProperties = '{org.springframework.boot.test.context.SpringBootTestContextBootstrapper=true}', contextCustomizers = set[org.springframework.boot.test.context.filter.ExcludeFilterContextCustomizer@2145433b, org.springframework.boot.test.json.DuplicateJsonObjectContextCustomizerFactory$DuplicateJsonObjectContextCustomizer@1b083826, org.springframework.boot.test.mock.mockito.MockitoContextCustomizer@0, org.springframework.boot.test.web.client.TestRestTemplateContextCustomizer@7e74a380, org.springframework.boot.test.autoconfigure.properties.PropertyMappingContextCustomizer@0, org.springframework.boot.test.autoconfigure.web.servlet.WebDriverContextCustomizerFactory$Customizer@7d3a22a9], resourceBasePath = 'src/main/webapp', contextLoader = 'org.springframework.boot.test.context.SpringBootContextLoader', parent = [null]], attributes = map['org.springframework.test.context.web.ServletTestExecutionListener.activateListener' -> true, 'org.springframework.test.context.web.ServletTestExecutionListener.populatedRequestContextHolder' -> true, 'org.springframework.test.context.web.ServletTestExecutionListener.resetRequestContextHolder' -> true]]; transaction manager [org.springframework.orm.jpa.JpaTransactionManager@20a4cba7]; rollback [true]
┏━━━━━ Debug [user._gen_updateById] ━━━
┣ SQL：	 update `user` set `name`=?,`create_time`=? where `id` = ?
┣ 参数：	 [hello123, null, 4]
┣ 位置：	 com.example.springbootmvc.db.UserDbTest.upateNameTest(UserDbTest.java:35)
┣ 时间：	 31ms
┣ 更新：	 [0]
┗━━━━━ Debug [user._gen_updateById] ━━━

INFO 09:19:13 main - o.s.t.c.t.TransactionContext.endTransaction - 139 : Rolled back transaction for test: [DefaultTestContext@580154b3 testClass = UserDbTest, testInstance = com.example.springbootmvc.db.UserDbTest@79fc4e99, testMethod = upateNameTest@UserDbTest, testException = org.beetl.sql.core.BeetlSQLException: unique查询user,但数据库未找到结果集:主键是4, mergedContextConfiguration = [WebMergedContextConfiguration@6e7fa4b0 testClass = UserDbTest, locations = '{}', classes = '{class com.example.springbootmvc.SpringBootMvcApplication}', contextInitializerClasses = '[]', activeProfiles = '{test}', propertySourceLocations = '{}', propertySourceProperties = '{org.springframework.boot.test.context.SpringBootTestContextBootstrapper=true}', contextCustomizers = set[org.springframework.boot.test.context.filter.ExcludeFilterContextCustomizer@2145433b, org.springframework.boot.test.json.DuplicateJsonObjectContextCustomizerFactory$DuplicateJsonObjectContextCustomizer@1b083826, org.springframework.boot.test.mock.mockito.MockitoContextCustomizer@0, org.springframework.boot.test.web.client.TestRestTemplateContextCustomizer@7e74a380, org.springframework.boot.test.autoconfigure.properties.PropertyMappingContextCustomizer@0, org.springframework.boot.test.autoconfigure.web.servlet.WebDriverContextCustomizerFactory$Customizer@7d3a22a9], resourceBasePath = 'src/main/webapp', contextLoader = 'org.springframework.boot.test.context.SpringBootContextLoader', parent = [null]], attributes = map['org.springframework.test.context.web.ServletTestExecutionListener.activateListener' -> true, 'org.springframework.test.context.web.ServletTestExecutionListener.populatedRequestContextHolder' -> true, 'org.springframework.test.context.web.ServletTestExecutionListener.resetRequestContextHolder' -> true]]
]]></system-out>
  </testcase>
</testsuite>